2024-04-26 09:52:23.462 [35m[main][0;39m [34mINFO [0;39m hello.login.ItemServiceApplication.logStarting - Starting ItemServiceApplication using Java 15.0.10 on cheolhyeon-ui-MacBookAir.local with PID 8465 (/Users/cheolhyeon/Desktop/Login-Start/build/classes/java/main started by cheolhyeon in /Users/cheolhyeon/Desktop/Login-Start)
2024-04-26 09:52:23.468 [35m[main][0;39m [34mINFO [0;39m hello.login.ItemServiceApplication.logStartupProfileInfo - No active profile set, falling back to default profiles: default
2024-04-26 09:52:24.286 [35m[main][0;39m [34mINFO [0;39m org.springframework.boot.web.embedded.tomcat.TomcatWebServer.initialize - Tomcat initialized with port(s): 8080 (http)
2024-04-26 09:52:24.293 [35m[main][0;39m [34mINFO [0;39m org.apache.catalina.core.StandardService.log - Starting service [Tomcat]
2024-04-26 09:52:24.293 [35m[main][0;39m [34mINFO [0;39m org.apache.catalina.core.StandardEngine.log - Starting Servlet engine: [Apache Tomcat/9.0.44]
2024-04-26 09:52:24.331 [35m[main][0;39m [34mINFO [0;39m org.apache.catalina.core.ContainerBase.[Tomcat].[localhost].[/].log - Initializing Spring embedded WebApplicationContext
2024-04-26 09:52:24.331 [35m[main][0;39m [34mINFO [0;39m org.springframework.boot.web.servlet.context.ServletWebServerApplicationContext.prepareWebApplicationContext - Root WebApplicationContext: initialization completed in 826 ms
2024-04-26 09:52:24.358 [35m[main][0;39m [34mINFO [0;39m hello.login.web.filter.LogFilter.init - LogFilter init
2024-04-26 09:52:24.365 [35m[main][0;39m [34mINFO [0;39m hello.login.domain.member.MemberRepository.save - save : member = Member(id=1, loginId=memberA, name=memberA, password=memberA)
2024-04-26 09:52:24.433 [35m[main][0;39m [34mINFO [0;39m org.springframework.scheduling.concurrent.ThreadPoolTaskExecutor.initialize - Initializing ExecutorService 'applicationTaskExecutor'
2024-04-26 09:52:24.551 [35m[main][0;39m [34mINFO [0;39m org.springframework.boot.web.embedded.tomcat.TomcatWebServer.start - Tomcat started on port(s): 8080 (http) with context path ''
2024-04-26 09:52:24.558 [35m[main][0;39m [34mINFO [0;39m hello.login.ItemServiceApplication.logStarted - Started ItemServiceApplication in 1.314 seconds (JVM running for 1.816)
2024-04-26 09:53:27.217 [35m[http-nio-8080-exec-1][0;39m [34mINFO [0;39m org.apache.catalina.core.ContainerBase.[Tomcat].[localhost].[/].log - Initializing Spring DispatcherServlet 'dispatcherServlet'
2024-04-26 09:53:27.218 [35m[http-nio-8080-exec-1][0;39m [34mINFO [0;39m org.springframework.web.servlet.DispatcherServlet.initServletBean - Initializing Servlet 'dispatcherServlet'
2024-04-26 09:53:27.219 [35m[http-nio-8080-exec-1][0;39m [34mINFO [0;39m org.springframework.web.servlet.DispatcherServlet.initServletBean - Completed initialization in 1 ms
2024-04-26 09:53:27.224 [35m[http-nio-8080-exec-1][0;39m [34mINFO [0;39m hello.login.web.filter.LogFilter.doFilter - REQUEST: [/login], USERID [null]
2024-04-26 09:53:27.424 [35m[http-nio-8080-exec-1][0;39m [34mINFO [0;39m hello.login.web.filter.LogFilter.doFilter - RESPONSE: [/login], USERID [null]
2024-04-26 09:53:27.496 [35m[http-nio-8080-exec-2][0;39m [34mINFO [0;39m hello.login.web.filter.LogFilter.doFilter - REQUEST: [/css/bootstrap.min.css], USERID [null]
2024-04-26 09:53:27.527 [35m[http-nio-8080-exec-3][0;39m [34mINFO [0;39m hello.login.web.filter.LogFilter.doFilter - REQUEST: [/css/bootstrap.min.css.map], USERID [null]
2024-04-26 09:53:27.531 [35m[http-nio-8080-exec-3][0;39m [34mINFO [0;39m hello.login.web.filter.LogFilter.doFilter - RESPONSE: [/css/bootstrap.min.css.map], USERID [null]
2024-04-26 09:53:27.548 [35m[http-nio-8080-exec-2][0;39m [34mINFO [0;39m hello.login.web.filter.LogFilter.doFilter - RESPONSE: [/css/bootstrap.min.css], USERID [null]
2024-04-26 09:53:27.698 [35m[http-nio-8080-exec-4][0;39m [34mINFO [0;39m hello.login.web.filter.LogFilter.doFilter - REQUEST: [/css/bootstrap.min.css.map], USERID [null]
2024-04-26 09:53:27.699 [35m[http-nio-8080-exec-4][0;39m [34mINFO [0;39m hello.login.web.filter.LogFilter.doFilter - RESPONSE: [/css/bootstrap.min.css.map], USERID [null]
2024-04-26 09:53:31.747 [35m[http-nio-8080-exec-5][0;39m [34mINFO [0;39m hello.login.web.filter.LogFilter.doFilter - REQUEST: [/login], USERID [null]
2024-04-26 09:53:31.827 [35m[http-nio-8080-exec-5][0;39m [34mINFO [0;39m hello.login.web.login.LoginController.loginV2 - Login Success
2024-04-26 09:53:31.829 [35m[http-nio-8080-exec-5][0;39m [34mINFO [0;39m hello.login.web.filter.LogFilter.doFilter - RESPONSE: [/login], USERID [null]
2024-04-26 09:53:31.835 [35m[http-nio-8080-exec-6][0;39m [34mINFO [0;39m hello.login.web.filter.LogFilter.doFilter - REQUEST: [/], USERID [memberA]
2024-04-26 09:53:31.845 [35m[http-nio-8080-exec-6][0;39m [34mINFO [0;39m hello.login.web.filter.LogFilter.doFilter - RESPONSE: [/], USERID [memberA]
2024-04-26 09:53:31.883 [35m[http-nio-8080-exec-7][0;39m [34mINFO [0;39m hello.login.web.filter.LogFilter.doFilter - REQUEST: [/css/bootstrap.min.css], USERID [memberA]
2024-04-26 09:53:31.888 [35m[http-nio-8080-exec-7][0;39m [34mINFO [0;39m hello.login.web.filter.LogFilter.doFilter - RESPONSE: [/css/bootstrap.min.css], USERID [memberA]
2024-04-26 09:53:31.913 [35m[http-nio-8080-exec-8][0;39m [34mINFO [0;39m hello.login.web.filter.LogFilter.doFilter - REQUEST: [/css/bootstrap.min.css.map], USERID [memberA]
2024-04-26 09:53:31.930 [35m[http-nio-8080-exec-8][0;39m [34mINFO [0;39m hello.login.web.filter.LogFilter.doFilter - RESPONSE: [/css/bootstrap.min.css.map], USERID [memberA]
2024-04-26 09:53:31.930 [35m[http-nio-8080-exec-9][0;39m [34mINFO [0;39m hello.login.web.filter.LogFilter.doFilter - REQUEST: [/css/bootstrap.min.css.map], USERID [memberA]
2024-04-26 09:53:31.933 [35m[http-nio-8080-exec-9][0;39m [34mINFO [0;39m hello.login.web.filter.LogFilter.doFilter - RESPONSE: [/css/bootstrap.min.css.map], USERID [memberA]
2024-04-26 09:55:39.291 [35m[SpringContextShutdownHook][0;39m [34mINFO [0;39m hello.login.web.filter.LogFilter.destroy - LogFilter destroy
2024-04-26 09:55:39.306 [35m[SpringContextShutdownHook][0;39m [34mINFO [0;39m org.springframework.scheduling.concurrent.ThreadPoolTaskExecutor.shutdown - Shutting down ExecutorService 'applicationTaskExecutor'
2024-04-26 09:55:41.478 [35m[main][0;39m Starting ItemServiceApplication using Java 15.0.10 on cheolhyeon-ui-MacBookAir.local with PID 8551 (/Users/cheolhyeon/Desktop/Login-Start/build/classes/java/main started by cheolhyeon in /Users/cheolhyeon/Desktop/Login-Start)
2024-04-26 09:55:41.480 [35m[main][0;39m No active profile set, falling back to default profiles: default
2024-04-26 09:55:42.076 [35m[main][0;39m Tomcat initialized with port(s): 8080 (http)
2024-04-26 09:55:42.082 [35m[main][0;39m Starting service [Tomcat]
2024-04-26 09:55:42.083 [35m[main][0;39m Starting Servlet engine: [Apache Tomcat/9.0.44]
2024-04-26 09:55:42.118 [35m[main][0;39m Initializing Spring embedded WebApplicationContext
2024-04-26 09:55:42.118 [35m[main][0;39m Root WebApplicationContext: initialization completed in 610 ms
2024-04-26 09:55:42.144 [35m[main][0;39m LogFilter init
2024-04-26 09:55:42.150 [35m[main][0;39m save : member = Member(id=1, loginId=memberA, name=memberA, password=memberA)
2024-04-26 09:55:42.215 [35m[main][0;39m Initializing ExecutorService 'applicationTaskExecutor'
2024-04-26 09:55:42.328 [35m[main][0;39m Tomcat started on port(s): 8080 (http) with context path ''
2024-04-26 09:55:42.335 [35m[main][0;39m Started ItemServiceApplication in 1.14 seconds (JVM running for 2.026)
2024-04-26 09:55:52.408 [35m[http-nio-8080-exec-1][0;39m Initializing Spring DispatcherServlet 'dispatcherServlet'
2024-04-26 09:55:52.408 [35m[http-nio-8080-exec-1][0;39m Initializing Servlet 'dispatcherServlet'
2024-04-26 09:55:52.410 [35m[http-nio-8080-exec-1][0;39m Completed initialization in 2 ms
2024-04-26 09:55:52.415 [35m[http-nio-8080-exec-1][0;39m REQUEST: [/], USERID [null]
2024-04-26 09:55:52.600 [35m[http-nio-8080-exec-1][0;39m RESPONSE: [/], USERID [null]
2024-04-26 09:55:52.623 [35m[http-nio-8080-exec-2][0;39m REQUEST: [/css/bootstrap.min.css], USERID [null]
2024-04-26 09:55:52.690 [35m[http-nio-8080-exec-2][0;39m RESPONSE: [/css/bootstrap.min.css], USERID [null]
2024-04-26 09:55:52.787 [35m[http-nio-8080-exec-3][0;39m REQUEST: [/css/bootstrap.min.css.map], USERID [null]
2024-04-26 09:55:52.788 [35m[http-nio-8080-exec-3][0;39m RESPONSE: [/css/bootstrap.min.css.map], USERID [null]
2024-04-26 09:56:16.277 [35m[http-nio-8080-exec-4][0;39m REQUEST: [/login], USERID [null]
2024-04-26 09:56:16.332 [35m[http-nio-8080-exec-4][0;39m RESPONSE: [/login], USERID [null]
2024-04-26 09:56:16.360 [35m[http-nio-8080-exec-5][0;39m REQUEST: [/css/bootstrap.min.css], USERID [null]
2024-04-26 09:56:16.366 [35m[http-nio-8080-exec-5][0;39m RESPONSE: [/css/bootstrap.min.css], USERID [null]
2024-04-26 09:56:16.390 [35m[http-nio-8080-exec-6][0;39m REQUEST: [/css/bootstrap.min.css.map], USERID [null]
2024-04-26 09:56:16.403 [35m[http-nio-8080-exec-6][0;39m RESPONSE: [/css/bootstrap.min.css.map], USERID [null]
2024-04-26 09:56:16.407 [35m[http-nio-8080-exec-7][0;39m REQUEST: [/css/bootstrap.min.css.map], USERID [null]
2024-04-26 09:56:16.409 [35m[http-nio-8080-exec-7][0;39m RESPONSE: [/css/bootstrap.min.css.map], USERID [null]
2024-04-26 09:56:19.552 [35m[http-nio-8080-exec-8][0;39m REQUEST: [/login], USERID [null]
2024-04-26 09:56:19.626 [35m[http-nio-8080-exec-8][0;39m Login Success
2024-04-26 09:56:19.627 [35m[http-nio-8080-exec-8][0;39m RESPONSE: [/login], USERID [null]
2024-04-26 09:56:19.630 [35m[http-nio-8080-exec-9][0;39m REQUEST: [/], USERID [memberA]
2024-04-26 09:56:19.637 [35m[http-nio-8080-exec-9][0;39m RESPONSE: [/], USERID [memberA]
2024-04-26 09:56:19.666 [35m[http-nio-8080-exec-10][0;39m REQUEST: [/css/bootstrap.min.css], USERID [memberA]
2024-04-26 09:56:19.670 [35m[http-nio-8080-exec-10][0;39m RESPONSE: [/css/bootstrap.min.css], USERID [memberA]
2024-04-26 09:56:19.685 [35m[http-nio-8080-exec-1][0;39m REQUEST: [/css/bootstrap.min.css.map], USERID [memberA]
2024-04-26 09:56:19.689 [35m[http-nio-8080-exec-1][0;39m RESPONSE: [/css/bootstrap.min.css.map], USERID [memberA]
2024-04-26 09:56:19.700 [35m[http-nio-8080-exec-1][0;39m REQUEST: [/css/bootstrap.min.css.map], USERID [memberA]
2024-04-26 09:56:19.701 [35m[http-nio-8080-exec-1][0;39m RESPONSE: [/css/bootstrap.min.css.map], USERID [memberA]
2024-04-26 09:58:35.222 [35m[SpringContextShutdownHook][0;39m LogFilter destroy
2024-04-26 09:58:35.242 [35m[SpringContextShutdownHook][0;39m Shutting down ExecutorService 'applicationTaskExecutor'
